# JRE version: OpenJDK Runtime Environment (8.0_242-b01) (build 1.8.0_242-release-1644-b01)
# Java VM: OpenJDK 64-Bit Server VM (25.242-b01 mixed mode windows-amd64 compressed oops)
Heap:
 PSYoungGen      total 412160K, used 50936K [0x00000000d5580000, 0x00000000f0700000, 0x0000000100000000)
  eden space 390144K, 13% used [0x00000000d5580000,0x00000000d873e0a8,0x00000000ed280000)
  from space 22016K, 0% used [0x00000000eea00000,0x00000000eea00000,0x00000000eff80000)
  to   space 24064K, 0% used [0x00000000ed280000,0x00000000ed280000,0x00000000eea00000)
 ParOldGen       total 169984K, used 30709K [0x0000000080000000, 0x000000008a600000, 0x00000000d5580000)
  object space 169984K, 18% used [0x0000000080000000,0x0000000081dfd4c0,0x000000008a600000)
 Metaspace       used 59394K, capacity 61652K, committed 61736K, reserved 1101824K
  class space    used 8165K, capacity 8695K, committed 8752K, reserved 1048576K
GC Heap History (10 events):
Event: 59.915 GC heap before
{Heap before GC invocations=7 (full 1):
 PSYoungGen      total 141824K, used 68587K [0x00000000d5580000, 0x00000000e4b00000, 0x0000000100000000)
  eden space 131072K, 44% used [0x00000000d5580000,0x00000000d8dfe728,0x00000000dd580000)
  from space 10752K, 99% used [0x00000000dd580000,0x00000000ddffc500,0x00000000de000000)
  to   space 15360K, 0% used [0x00000000e3c00000,0x00000000e3c00000,0x00000000e4b00000)
 ParOldGen       total 91648K, used 9522K [0x0000000080000000, 0x0000000085980000, 0x00000000d5580000)
  object space 91648K, 10% used [0x0000000080000000,0x000000008094c890,0x0000000085980000)
 Metaspace       used 34531K, capacity 35422K, committed 35496K, reserved 1079296K
  class space    used 4735K, capacity 5016K, committed 5040K, reserved 1048576K
Event: 59.924 GC heap after
Heap after GC invocations=7 (full 1):
 PSYoungGen      total 233984K, used 8991K [0x00000000d5580000, 0x00000000e4900000, 0x0000000100000000)
  eden space 220672K, 0% used [0x00000000d5580000,0x00000000d5580000,0x00000000e2d00000)
  from space 13312K, 67% used [0x00000000e3c00000,0x00000000e44c7fb0,0x00000000e4900000)
  to   space 14336K, 0% used [0x00000000e2d00000,0x00000000e2d00000,0x00000000e3b00000)
 ParOldGen       total 91648K, used 9530K [0x0000000080000000, 0x0000000085980000, 0x00000000d5580000)
  object space 91648K, 10% used [0x0000000080000000,0x000000008094e890,0x0000000085980000)
 Metaspace       used 34531K, capacity 35422K, committed 35496K, reserved 1079296K
  class space    used 4735K, capacity 5016K, committed 5040K, reserved 1048576K
}
Event: 59.924 GC heap before
{Heap before GC invocations=8 (full 2):
 PSYoungGen      total 233984K, used 8991K [0x00000000d5580000, 0x00000000e4900000, 0x0000000100000000)
  eden space 220672K, 0% used [0x00000000d5580000,0x00000000d5580000,0x00000000e2d00000)
  from space 13312K, 67% used [0x00000000e3c00000,0x00000000e44c7fb0,0x00000000e4900000)
  to   space 14336K, 0% used [0x00000000e2d00000,0x00000000e2d00000,0x00000000e3b00000)
 ParOldGen       total 91648K, used 9530K [0x0000000080000000, 0x0000000085980000, 0x00000000d5580000)
  object space 91648K, 10% used [0x0000000080000000,0x000000008094e890,0x0000000085980000)
 Metaspace       used 34531K, capacity 35422K, committed 35496K, reserved 1079296K
  class space    used 4735K, capacity 5016K, committed 5040K, reserved 1048576K
Event: 59.960 GC heap after
Heap after GC invocations=8 (full 2):
 PSYoungGen      total 233984K, used 0K [0x00000000d5580000, 0x00000000e4900000, 0x0000000100000000)
  eden space 220672K, 0% used [0x00000000d5580000,0x00000000d5580000,0x00000000e2d00000)
  from space 13312K, 0% used [0x00000000e3c00000,0x00000000e3c00000,0x00000000e4900000)
  to   space 14336K, 0% used [0x00000000e2d00000,0x00000000e2d00000,0x00000000e3b00000)
 ParOldGen       total 117248K, used 15483K [0x0000000080000000, 0x0000000087280000, 0x00000000d5580000)
  object space 117248K, 13% used [0x0000000080000000,0x0000000080f1eed8,0x0000000087280000)
 Metaspace       used 34531K, capacity 35422K, committed 35496K, reserved 1079296K
  class space    used 4735K, capacity 5016K, committed 5040K, reserved 1048576K
}
Event: 61.884 GC heap before
{Heap before GC invocations=9 (full 2):
 PSYoungGen      total 233984K, used 220672K [0x00000000d5580000, 0x00000000e4900000, 0x0000000100000000)
  eden space 220672K, 100% used [0x00000000d5580000,0x00000000e2d00000,0x00000000e2d00000)
  from space 13312K, 0% used [0x00000000e3c00000,0x00000000e3c00000,0x00000000e4900000)
  to   space 14336K, 0% used [0x00000000e2d00000,0x00000000e2d00000,0x00000000e3b00000)
 ParOldGen       total 117248K, used 15483K [0x0000000080000000, 0x0000000087280000, 0x00000000d5580000)
  object space 117248K, 13% used [0x0000000080000000,0x0000000080f1eed8,0x0000000087280000)
 Metaspace       used 52858K, capacity 54774K, committed 55080K, reserved 1097728K
  class space    used 7178K, capacity 7616K, committed 7728K, reserved 1048576K
Event: 61.903 GC heap after
Heap after GC invocations=9 (full 2):
 PSYoungGen      total 235008K, used 14308K [0x00000000d5580000, 0x00000000eff80000, 0x0000000100000000)
  eden space 220672K, 0% used [0x00000000d5580000,0x00000000d5580000,0x00000000e2d00000)
  from space 14336K, 99% used [0x00000000e2d00000,0x00000000e3af90b8,0x00000000e3b00000)
  to   space 22016K, 0% used [0x00000000eea00000,0x00000000eea00000,0x00000000eff80000)
 ParOldGen       total 117248K, used 26882K [0x0000000080000000, 0x0000000087280000, 0x00000000d5580000)
  object space 117248K, 22% used [0x0000000080000000,0x0000000081a40930,0x0000000087280000)
 Metaspace       used 52858K, capacity 54774K, committed 55080K, reserved 1097728K
  class space    used 7178K, capacity 7616K, committed 7728K, reserved 1048576K
}
Event: 62.501 GC heap before
{Heap before GC invocations=10 (full 2):
 PSYoungGen      total 235008K, used 72173K [0x00000000d5580000, 0x00000000eff80000, 0x0000000100000000)
  eden space 220672K, 26% used [0x00000000d5580000,0x00000000d8e023f8,0x00000000e2d00000)
  from space 14336K, 99% used [0x00000000e2d00000,0x00000000e3af90b8,0x00000000e3b00000)
  to   space 22016K, 0% used [0x00000000eea00000,0x00000000eea00000,0x00000000eff80000)
 ParOldGen       total 117248K, used 26882K [0x0000000080000000, 0x0000000087280000, 0x00000000d5580000)
  object space 117248K, 22% used [0x0000000080000000,0x0000000081a40930,0x0000000087280000)
 Metaspace       used 57021K, capacity 59132K, committed 59160K, reserved 1099776K
  class space    used 7828K, capacity 8353K, committed 8368K, reserved 1048576K
Event: 62.519 GC heap after
Heap after GC invocations=10 (full 2):
 PSYoungGen      total 412160K, used 18616K [0x00000000d5580000, 0x00000000f0700000, 0x0000000100000000)
  eden space 390144K, 0% used [0x00000000d5580000,0x00000000d5580000,0x00000000ed280000)
  from space 22016K, 84% used [0x00000000eea00000,0x00000000efc2e3a0,0x00000000eff80000)
  to   space 24064K, 0% used [0x00000000ed280000,0x00000000ed280000,0x00000000eea00000)
 ParOldGen       total 117248K, used 26890K [0x0000000080000000, 0x0000000087280000, 0x00000000d5580000)
  object space 117248K, 22% used [0x0000000080000000,0x0000000081a42930,0x0000000087280000)
 Metaspace       used 57021K, capacity 59132K, committed 59160K, reserved 1099776K
  class space    used 7828K, capacity 8353K, committed 8368K, reserved 1048576K
}
Event: 62.519 GC heap before
{Heap before GC invocations=11 (full 3):
 PSYoungGen      total 412160K, used 18616K [0x00000000d5580000, 0x00000000f0700000, 0x0000000100000000)
  eden space 390144K, 0% used [0x00000000d5580000,0x00000000d5580000,0x00000000ed280000)
  from space 22016K, 84% used [0x00000000eea00000,0x00000000efc2e3a0,0x00000000eff80000)
  to   space 24064K, 0% used [0x00000000ed280000,0x00000000ed280000,0x00000000eea00000)
 ParOldGen       total 117248K, used 26890K [0x0000000080000000, 0x0000000087280000, 0x00000000d5580000)
  object space 117248K, 22% used [0x0000000080000000,0x0000000081a42930,0x0000000087280000)
 Metaspace       used 57021K, capacity 59132K, committed 59160K, reserved 1099776K
  class space    used 7828K, capacity 8353K, committed 8368K, reserved 1048576K
Event: 62.712 GC heap after
Heap after GC invocations=11 (full 3):
 PSYoungGen      total 412160K, used 0K [0x00000000d5580000, 0x00000000f0700000, 0x0000000100000000)
  eden space 390144K, 0% used [0x00000000d5580000,0x00000000d5580000,0x00000000ed280000)
  from space 22016K, 0% used [0x00000000eea00000,0x00000000eea00000,0x00000000eff80000)
  to   space 24064K, 0% used [0x00000000ed280000,0x00000000ed280000,0x00000000eea00000)
 ParOldGen       total 169984K, used 30709K [0x0000000080000000, 0x000000008a600000, 0x00000000d5580000)
  object space 169984K, 18% used [0x0000000080000000,0x0000000081dfd4c0,0x000000008a600000)
 Metaspace       used 56991K, capacity 59030K, committed 59160K, reserved 1099776K
  class space    used 7819K, capacity 8336K, committed 8368K, reserved 1048576K
}

