# JRE version: OpenJDK Runtime Environment (8.0_242-b01) (build 1.8.0_242-release-1644-b01)
# Java VM: OpenJDK 64-Bit Server VM (25.242-b01 mixed mode windows-amd64 compressed oops)
Heap:
 PSYoungGen      total 236544K, used 208764K [0x00000000d5580000, 0x00000000e4c00000, 0x0000000100000000)
  eden space 222720K, 93% used [0x00000000d5580000,0x00000000e215f338,0x00000000e2f00000)
  from space 13824K, 0% used [0x00000000e3e80000,0x00000000e3e80000,0x00000000e4c00000)
  to   space 14848K, 0% used [0x00000000e2f00000,0x00000000e2f00000,0x00000000e3d80000)
 ParOldGen       total 136192K, used 15629K [0x0000000080000000, 0x0000000088500000, 0x00000000d5580000)
  object space 136192K, 11% used [0x0000000080000000,0x0000000080f43460,0x0000000088500000)
 Metaspace       used 52201K, capacity 54004K, committed 54184K, reserved 1095680K
  class space    used 7090K, capacity 7515K, committed 7600K, reserved 1048576K
GC Heap History (10 events):
Event: 2.221 GC heap before
{Heap before GC invocations=4 (full 0):
 PSYoungGen      total 76288K, used 18400K [0x00000000d5580000, 0x00000000dea80000, 0x0000000100000000)
  eden space 65536K, 11% used [0x00000000d5580000,0x00000000d5cfea38,0x00000000d9580000)
  from space 10752K, 99% used [0x00000000d9580000,0x00000000d9ff9978,0x00000000da000000)
  to   space 10752K, 0% used [0x00000000de000000,0x00000000de000000,0x00000000dea80000)
 ParOldGen       total 175104K, used 1222K [0x0000000080000000, 0x000000008ab00000, 0x00000000d5580000)
  object space 175104K, 0% used [0x0000000080000000,0x0000000080131b78,0x000000008ab00000)
 Metaspace       used 20594K, capacity 21228K, committed 21296K, reserved 1067008K
  class space    used 2887K, capacity 3084K, committed 3120K, reserved 1048576K
Event: 2.225 GC heap after
Heap after GC invocations=4 (full 0):
 PSYoungGen      total 141824K, used 7511K [0x00000000d5580000, 0x00000000dea80000, 0x0000000100000000)
  eden space 131072K, 0% used [0x00000000d5580000,0x00000000d5580000,0x00000000dd580000)
  from space 10752K, 69% used [0x00000000de000000,0x00000000de755ea8,0x00000000dea80000)
  to   space 10752K, 0% used [0x00000000dd580000,0x00000000dd580000,0x00000000de000000)
 ParOldGen       total 175104K, used 1230K [0x0000000080000000, 0x000000008ab00000, 0x00000000d5580000)
  object space 175104K, 0% used [0x0000000080000000,0x0000000080133b78,0x000000008ab00000)
 Metaspace       used 20594K, capacity 21228K, committed 21296K, reserved 1067008K
  class space    used 2887K, capacity 3084K, committed 3120K, reserved 1048576K
}
Event: 2.225 GC heap before
{Heap before GC invocations=5 (full 1):
 PSYoungGen      total 141824K, used 7511K [0x00000000d5580000, 0x00000000dea80000, 0x0000000100000000)
  eden space 131072K, 0% used [0x00000000d5580000,0x00000000d5580000,0x00000000dd580000)
  from space 10752K, 69% used [0x00000000de000000,0x00000000de755ea8,0x00000000dea80000)
  to   space 10752K, 0% used [0x00000000dd580000,0x00000000dd580000,0x00000000de000000)
 ParOldGen       total 175104K, used 1230K [0x0000000080000000, 0x000000008ab00000, 0x00000000d5580000)
  object space 175104K, 0% used [0x0000000080000000,0x0000000080133b78,0x000000008ab00000)
 Metaspace       used 20594K, capacity 21228K, committed 21296K, reserved 1067008K
  class space    used 2887K, capacity 3084K, committed 3120K, reserved 1048576K
Event: 2.250 GC heap after
Heap after GC invocations=5 (full 1):
 PSYoungGen      total 141824K, used 0K [0x00000000d5580000, 0x00000000dea80000, 0x0000000100000000)
  eden space 131072K, 0% used [0x00000000d5580000,0x00000000d5580000,0x00000000dd580000)
  from space 10752K, 0% used [0x00000000de000000,0x00000000de000000,0x00000000dea80000)
  to   space 10752K, 0% used [0x00000000dd580000,0x00000000dd580000,0x00000000de000000)
 ParOldGen       total 91648K, used 7313K [0x0000000080000000, 0x0000000085980000, 0x00000000d5580000)
  object space 91648K, 7% used [0x0000000080000000,0x0000000080724530,0x0000000085980000)
 Metaspace       used 20594K, capacity 21228K, committed 21296K, reserved 1067008K
  class space    used 2887K, capacity 3084K, committed 3120K, reserved 1048576K
}
Event: 3.519 GC heap before
{Heap before GC invocations=6 (full 1):
 PSYoungGen      total 141824K, used 131072K [0x00000000d5580000, 0x00000000dea80000, 0x0000000100000000)
  eden space 131072K, 100% used [0x00000000d5580000,0x00000000dd580000,0x00000000dd580000)
  from space 10752K, 0% used [0x00000000de000000,0x00000000de000000,0x00000000dea80000)
  to   space 10752K, 0% used [0x00000000dd580000,0x00000000dd580000,0x00000000de000000)
 ParOldGen       total 91648K, used 7313K [0x0000000080000000, 0x0000000085980000, 0x00000000d5580000)
  object space 91648K, 7% used [0x0000000080000000,0x0000000080724530,0x0000000085980000)
 Metaspace       used 32228K, capacity 32984K, committed 33072K, reserved 1077248K
  class space    used 4401K, capacity 4609K, committed 4656K, reserved 1048576K
Event: 3.528 GC heap after
Heap after GC invocations=6 (full 1):
 PSYoungGen      total 141824K, used 10750K [0x00000000d5580000, 0x00000000e4e00000, 0x0000000100000000)
  eden space 131072K, 0% used [0x00000000d5580000,0x00000000d5580000,0x00000000dd580000)
  from space 10752K, 99% used [0x00000000dd580000,0x00000000ddfffbc0,0x00000000de000000)
  to   space 15872K, 0% used [0x00000000e3e80000,0x00000000e3e80000,0x00000000e4e00000)
 ParOldGen       total 91648K, used 10050K [0x0000000080000000, 0x0000000085980000, 0x00000000d5580000)
  object space 91648K, 10% used [0x0000000080000000,0x00000000809d09a0,0x0000000085980000)
 Metaspace       used 32228K, capacity 32984K, committed 33072K, reserved 1077248K
  class space    used 4401K, capacity 4609K, committed 4656K, reserved 1048576K
}
Event: 3.814 GC heap before
{Heap before GC invocations=7 (full 1):
 PSYoungGen      total 141824K, used 60640K [0x00000000d5580000, 0x00000000e4e00000, 0x0000000100000000)
  eden space 131072K, 38% used [0x00000000d5580000,0x00000000d86386f0,0x00000000dd580000)
  from space 10752K, 99% used [0x00000000dd580000,0x00000000ddfffbc0,0x00000000de000000)
  to   space 15872K, 0% used [0x00000000e3e80000,0x00000000e3e80000,0x00000000e4e00000)
 ParOldGen       total 91648K, used 10050K [0x0000000080000000, 0x0000000085980000, 0x00000000d5580000)
  object space 91648K, 10% used [0x0000000080000000,0x00000000809d09a0,0x0000000085980000)
 Metaspace       used 34572K, capacity 35410K, committed 35496K, reserved 1079296K
  class space    used 4743K, capacity 4972K, committed 5040K, reserved 1048576K
Event: 3.821 GC heap after
Heap after GC invocations=7 (full 1):
 PSYoungGen      total 236544K, used 9055K [0x00000000d5580000, 0x00000000e4c00000, 0x0000000100000000)
  eden space 222720K, 0% used [0x00000000d5580000,0x00000000d5580000,0x00000000e2f00000)
  from space 13824K, 65% used [0x00000000e3e80000,0x00000000e4757e00,0x00000000e4c00000)
  to   space 14848K, 0% used [0x00000000e2f00000,0x00000000e2f00000,0x00000000e3d80000)
 ParOldGen       total 91648K, used 10058K [0x0000000080000000, 0x0000000085980000, 0x00000000d5580000)
  object space 91648K, 10% used [0x0000000080000000,0x00000000809d29a0,0x0000000085980000)
 Metaspace       used 34572K, capacity 35410K, committed 35496K, reserved 1079296K
  class space    used 4743K, capacity 4972K, committed 5040K, reserved 1048576K
}
Event: 3.821 GC heap before
{Heap before GC invocations=8 (full 2):
 PSYoungGen      total 236544K, used 9055K [0x00000000d5580000, 0x00000000e4c00000, 0x0000000100000000)
  eden space 222720K, 0% used [0x00000000d5580000,0x00000000d5580000,0x00000000e2f00000)
  from space 13824K, 65% used [0x00000000e3e80000,0x00000000e4757e00,0x00000000e4c00000)
  to   space 14848K, 0% used [0x00000000e2f00000,0x00000000e2f00000,0x00000000e3d80000)
 ParOldGen       total 91648K, used 10058K [0x0000000080000000, 0x0000000085980000, 0x00000000d5580000)
  object space 91648K, 10% used [0x0000000080000000,0x00000000809d29a0,0x0000000085980000)
 Metaspace       used 34572K, capacity 35410K, committed 35496K, reserved 1079296K
  class space    used 4743K, capacity 4972K, committed 5040K, reserved 1048576K
Event: 3.860 GC heap after
Heap after GC invocations=8 (full 2):
 PSYoungGen      total 236544K, used 0K [0x00000000d5580000, 0x00000000e4c00000, 0x0000000100000000)
  eden space 222720K, 0% used [0x00000000d5580000,0x00000000d5580000,0x00000000e2f00000)
  from space 13824K, 0% used [0x00000000e3e80000,0x00000000e3e80000,0x00000000e4c00000)
  to   space 14848K, 0% used [0x00000000e2f00000,0x00000000e2f00000,0x00000000e3d80000)
 ParOldGen       total 136192K, used 15629K [0x0000000080000000, 0x0000000088500000, 0x00000000d5580000)
  object space 136192K, 11% used [0x0000000080000000,0x0000000080f43460,0x0000000088500000)
 Metaspace       used 34572K, capacity 35410K, committed 35496K, reserved 1079296K
  class space    used 4743K, capacity 4972K, committed 5040K, reserved 1048576K
}

