# JRE version: OpenJDK Runtime Environment (8.0_242-b01) (build 1.8.0_242-release-1644-b01)
# Java VM: OpenJDK 64-Bit Server VM (25.242-b01 mixed mode windows-amd64 compressed oops)
Heap:
 PSYoungGen      total 366592K, used 84934K [0x00000000d5580000, 0x00000000eff00000, 0x0000000100000000)
  eden space 342016K, 17% used [0x00000000d5580000,0x00000000d90ab7e8,0x00000000ea380000)
  from space 24576K, 99% used [0x00000000ea380000,0x00000000ebb7f470,0x00000000ebb80000)
  to   space 31744K, 0% used [0x00000000ee000000,0x00000000ee000000,0x00000000eff00000)
 ParOldGen       total 263680K, used 42355K [0x0000000080000000, 0x0000000090180000, 0x00000000d5580000)
  object space 263680K, 16% used [0x0000000080000000,0x000000008295cf78,0x0000000090180000)
 Metaspace       used 82087K, capacity 86788K, committed 86824K, reserved 1124352K
  class space    used 11181K, capacity 12055K, committed 12080K, reserved 1048576K
GC Heap History (10 events):
Event: 6.893 GC heap before
{Heap before GC invocations=8 (full 2):
 PSYoungGen      total 205824K, used 195072K [0x00000000d5580000, 0x00000000e6a80000, 0x0000000100000000)
  eden space 195072K, 100% used [0x00000000d5580000,0x00000000e1400000,0x00000000e1400000)
  from space 10752K, 0% used [0x00000000e5580000,0x00000000e5580000,0x00000000e6000000)
  to   space 10752K, 0% used [0x00000000e6000000,0x00000000e6000000,0x00000000e6a80000)
 ParOldGen       total 176128K, used 15571K [0x0000000080000000, 0x000000008ac00000, 0x00000000d5580000)
  object space 176128K, 8% used [0x0000000080000000,0x0000000080f34e00,0x000000008ac00000)
 Metaspace       used 51180K, capacity 53040K, committed 53160K, reserved 1095680K
  class space    used 6870K, capacity 7279K, committed 7344K, reserved 1048576K
Event: 6.908 GC heap after
Heap after GC invocations=8 (full 2):
 PSYoungGen      total 261120K, used 10724K [0x00000000d5580000, 0x00000000e8380000, 0x0000000100000000)
  eden space 250368K, 0% used [0x00000000d5580000,0x00000000d5580000,0x00000000e4a00000)
  from space 10752K, 99% used [0x00000000e6000000,0x00000000e6a79310,0x00000000e6a80000)
  to   space 22528K, 0% used [0x00000000e4a00000,0x00000000e4a00000,0x00000000e6000000)
 ParOldGen       total 176128K, used 28370K [0x0000000080000000, 0x000000008ac00000, 0x00000000d5580000)
  object space 176128K, 16% used [0x0000000080000000,0x0000000081bb4850,0x000000008ac00000)
 Metaspace       used 51180K, capacity 53040K, committed 53160K, reserved 1095680K
  class space    used 6870K, capacity 7279K, committed 7344K, reserved 1048576K
}
Event: 7.598 GC heap before
{Heap before GC invocations=9 (full 2):
 PSYoungGen      total 261120K, used 86369K [0x00000000d5580000, 0x00000000e8380000, 0x0000000100000000)
  eden space 250368K, 30% used [0x00000000d5580000,0x00000000d9f5f460,0x00000000e4a00000)
  from space 10752K, 99% used [0x00000000e6000000,0x00000000e6a79310,0x00000000e6a80000)
  to   space 22528K, 0% used [0x00000000e4a00000,0x00000000e4a00000,0x00000000e6000000)
 ParOldGen       total 176128K, used 28370K [0x0000000080000000, 0x000000008ac00000, 0x00000000d5580000)
  object space 176128K, 16% used [0x0000000080000000,0x0000000081bb4850,0x000000008ac00000)
 Metaspace       used 57072K, capacity 59080K, committed 59160K, reserved 1099776K
  class space    used 7839K, capacity 8309K, committed 8368K, reserved 1048576K
Event: 7.612 GC heap after
Heap after GC invocations=9 (full 2):
 PSYoungGen      total 272896K, used 18419K [0x00000000d5580000, 0x00000000eda80000, 0x0000000100000000)
  eden space 250368K, 0% used [0x00000000d5580000,0x00000000d5580000,0x00000000e4a00000)
  from space 22528K, 81% used [0x00000000e4a00000,0x00000000e5bfcf08,0x00000000e6000000)
  to   space 24064K, 0% used [0x00000000ec300000,0x00000000ec300000,0x00000000eda80000)
 ParOldGen       total 176128K, used 28378K [0x0000000080000000, 0x000000008ac00000, 0x00000000d5580000)
  object space 176128K, 16% used [0x0000000080000000,0x0000000081bb6850,0x000000008ac00000)
 Metaspace       used 57072K, capacity 59080K, committed 59160K, reserved 1099776K
  class space    used 7839K, capacity 8309K, committed 8368K, reserved 1048576K
}
Event: 7.612 GC heap before
{Heap before GC invocations=10 (full 3):
 PSYoungGen      total 272896K, used 18419K [0x00000000d5580000, 0x00000000eda80000, 0x0000000100000000)
  eden space 250368K, 0% used [0x00000000d5580000,0x00000000d5580000,0x00000000e4a00000)
  from space 22528K, 81% used [0x00000000e4a00000,0x00000000e5bfcf08,0x00000000e6000000)
  to   space 24064K, 0% used [0x00000000ec300000,0x00000000ec300000,0x00000000eda80000)
 ParOldGen       total 176128K, used 28378K [0x0000000080000000, 0x000000008ac00000, 0x00000000d5580000)
  object space 176128K, 16% used [0x0000000080000000,0x0000000081bb6850,0x000000008ac00000)
 Metaspace       used 57072K, capacity 59080K, committed 59160K, reserved 1099776K
  class space    used 7839K, capacity 8309K, committed 8368K, reserved 1048576K
Event: 7.762 GC heap after
Heap after GC invocations=10 (full 3):
 PSYoungGen      total 272896K, used 0K [0x00000000d5580000, 0x00000000eda80000, 0x0000000100000000)
  eden space 250368K, 0% used [0x00000000d5580000,0x00000000d5580000,0x00000000e4a00000)
  from space 22528K, 0% used [0x00000000e4a00000,0x00000000e4a00000,0x00000000e6000000)
  to   space 24064K, 0% used [0x00000000ec300000,0x00000000ec300000,0x00000000eda80000)
 ParOldGen       total 263680K, used 32458K [0x0000000080000000, 0x0000000090180000, 0x00000000d5580000)
  object space 263680K, 12% used [0x0000000080000000,0x0000000081fb2bf8,0x0000000090180000)
 Metaspace       used 57035K, capacity 58954K, committed 59160K, reserved 1099776K
  class space    used 7827K, capacity 8288K, committed 8368K, reserved 1048576K
}
Event: 11.273 GC heap before
{Heap before GC invocations=11 (full 3):
 PSYoungGen      total 272896K, used 250368K [0x00000000d5580000, 0x00000000eda80000, 0x0000000100000000)
  eden space 250368K, 100% used [0x00000000d5580000,0x00000000e4a00000,0x00000000e4a00000)
  from space 22528K, 0% used [0x00000000e4a00000,0x00000000e4a00000,0x00000000e6000000)
  to   space 24064K, 0% used [0x00000000ec300000,0x00000000ec300000,0x00000000eda80000)
 ParOldGen       total 263680K, used 32458K [0x0000000080000000, 0x0000000090180000, 0x00000000d5580000)
  object space 263680K, 12% used [0x0000000080000000,0x0000000081fb2bf8,0x0000000090180000)
 Metaspace       used 63716K, capacity 66928K, committed 66984K, reserved 1107968K
  class space    used 8755K, capacity 9385K, committed 9392K, reserved 1048576K
Event: 11.291 GC heap after
Heap after GC invocations=11 (full 3):
 PSYoungGen      total 339456K, used 16785K [0x00000000d5580000, 0x00000000ed380000, 0x0000000100000000)
  eden space 322560K, 0% used [0x00000000d5580000,0x00000000d5580000,0x00000000e9080000)
  from space 16896K, 99% used [0x00000000ec300000,0x00000000ed3644d0,0x00000000ed380000)
  to   space 24576K, 0% used [0x00000000ea380000,0x00000000ea380000,0x00000000ebb80000)
 ParOldGen       total 263680K, used 32466K [0x0000000080000000, 0x0000000090180000, 0x00000000d5580000)
  object space 263680K, 12% used [0x0000000080000000,0x0000000081fb4bf8,0x0000000090180000)
 Metaspace       used 63716K, capacity 66928K, committed 66984K, reserved 1107968K
  class space    used 8755K, capacity 9385K, committed 9392K, reserved 1048576K
}
Event: 16.630 GC heap before
{Heap before GC invocations=12 (full 3):
 PSYoungGen      total 339456K, used 339345K [0x00000000d5580000, 0x00000000ed380000, 0x0000000100000000)
  eden space 322560K, 100% used [0x00000000d5580000,0x00000000e9080000,0x00000000e9080000)
  from space 16896K, 99% used [0x00000000ec300000,0x00000000ed3644d0,0x00000000ed380000)
  to   space 24576K, 0% used [0x00000000ea380000,0x00000000ea380000,0x00000000ebb80000)
 ParOldGen       total 263680K, used 32466K [0x0000000080000000, 0x0000000090180000, 0x00000000d5580000)
  object space 263680K, 12% used [0x0000000080000000,0x0000000081fb4bf8,0x0000000090180000)
 Metaspace       used 77509K, capacity 81646K, committed 81960K, reserved 1120256K
  class space    used 10471K, capacity 11252K, committed 11312K, reserved 1048576K
Event: 16.655 GC heap after
Heap after GC invocations=12 (full 3):
 PSYoungGen      total 366592K, used 24573K [0x00000000d5580000, 0x00000000eff00000, 0x0000000100000000)
  eden space 342016K, 0% used [0x00000000d5580000,0x00000000d5580000,0x00000000ea380000)
  from space 24576K, 99% used [0x00000000ea380000,0x00000000ebb7f470,0x00000000ebb80000)
  to   space 31744K, 0% used [0x00000000ee000000,0x00000000ee000000,0x00000000eff00000)
 ParOldGen       total 263680K, used 42355K [0x0000000080000000, 0x0000000090180000, 0x00000000d5580000)
  object space 263680K, 16% used [0x0000000080000000,0x000000008295cf78,0x0000000090180000)
 Metaspace       used 77509K, capacity 81646K, committed 81960K, reserved 1120256K
  class space    used 10471K, capacity 11252K, committed 11312K, reserved 1048576K
}

